<?xml version="1.0" encoding="UTF-8"?>
<!-- Generated by org.testng.reporters.JUnitXMLReporter -->
<testsuite ignored="1" hostname="DESKTOP-VRBAL0D" failures="0" tests="1" name="Default test" time="107.405" errors="0" timestamp="2022-09-13T11:49:54 IST">
  <testcase classname="com.testcases.Login" name="validateTitleTC" time="0.024"/>
  <testcase classname="com.testcases.Login" name="validateLoginTC" time="0.0">
    <ignored/>
  </testcase> <!-- validateLoginTC -->
</testsuite> <!-- Default test -->
