<?xml version="1.0" encoding="UTF-8"?>
<testng-results ignored="1" total="2" passed="1" failed="0" skipped="0">
  <reporter-output>
  </reporter-output>
  <suite started-at="2022-09-13T11:48:07 IST" name="Default suite" finished-at="2022-09-13T11:49:54 IST" duration-ms="107405">
    <groups>
      <group name="regression">
        <method signature="Login.validateTitleTC()[pri:1, instance:com.testcases.Login@2dde1bff]" name="validateTitleTC" class="com.testcases.Login"/>
      </group> <!-- regression -->
    </groups>
    <test started-at="2022-09-13T11:48:07 IST" name="Default test" finished-at="2022-09-13T11:49:54 IST" duration-ms="107405">
      <class name="com.testcases.Login">
        <test-method is-config="true" signature="browserSetup()[pri:0, instance:com.testcases.Login@2dde1bff]" started-at="2022-09-13T11:48:07 IST" name="browserSetup" finished-at="2022-09-13T11:49:54 IST" duration-ms="106597" status="PASS">
          <reporter-output>
          </reporter-output>
        </test-method> <!-- browserSetup -->
        <test-method signature="validateTitleTC()[pri:1, instance:com.testcases.Login@2dde1bff]" started-at="2022-09-13T11:49:54 IST" name="validateTitleTC" finished-at="2022-09-13T11:49:54 IST" duration-ms="24" status="PASS">
          <reporter-output>
          </reporter-output>
        </test-method> <!-- validateTitleTC -->
        <test-method is-config="true" signature="closeBrowser()[pri:0, instance:com.testcases.Login@2dde1bff]" started-at="2022-09-13T11:49:54 IST" name="closeBrowser" finished-at="2022-09-13T11:49:54 IST" duration-ms="733" status="PASS">
          <reporter-output>
          </reporter-output>
        </test-method> <!-- closeBrowser -->
      </class> <!-- com.testcases.Login -->
    </test> <!-- Default test -->
  </suite> <!-- Default suite -->
</testng-results>
