<?xml version="1.0" encoding="UTF-8"?>
<!-- Generated by org.testng.reporters.JUnitXMLReporter -->
<testsuite ignored="0" hostname="DESKTOP-VRBAL0D" failures="0" tests="7" name="mobile" time="0.124" errors="0" timestamp="2022-09-13T11:33:01 IST">
  <testcase classname="com.testcases.HomePage" name="tc3" time="0.048"/>
  <testcase classname="com.testcases.ParallelTest" name="m1" time="0.034"/>
  <testcase classname="com.testcases.HomePage" name="tc2" time="0.032"/>
  <testcase classname="com.testcases.HomePage" name="tc1" time="0.032"/>
  <testcase classname="com.testcases.ParallelTest" name="m2" time="0.032"/>
  <testcase classname="com.testcases.HomePage" name="tc1" time="0.001"/>
  <testcase classname="com.testcases.HomePage" name="tc1" time="0.0"/>
</testsuite> <!-- mobile -->
