<?xml version="1.0" encoding="UTF-8"?>
<!-- Generated by org.testng.reporters.JUnitXMLReporter -->
<testsuite ignored="0" hostname="DESKTOP-VRBAL0D" failures="0" tests="8" name="Test 1" time="136.998" errors="0" timestamp="2022-09-09T11:56:44 IST">
  <testcase classname="com.testcases.Login" name="validateTitleTC" time="0.014"/>
  <testcase classname="com.testcases.Login" name="ATC" time="0.001"/>
  <testcase classname="com.testcases.Login" name="validateLoginTC" time="0.001"/>
  <testcase classname="com.testcases.Login" name="validateHomePageTC" time="0.0"/>
  <testcase classname="com.testcases.Login" name="addUsers" time="0.001"/>
  <testcase classname="com.testcases.HomePage" name="tc1" time="0.001"/>
  <testcase classname="com.testcases.HomePage" name="tc2" time="0.001"/>
  <testcase classname="com.testcases.HomePage" name="tc3" time="0.001"/>
</testsuite> <!-- Test 1 -->
